{"C:\\Users\\clien\\Videojuego\\app.js": {"path":"C:\\Users\\clien\\Videojuego\\app.js","statementMap":{"0":{"start":{"line":2,"column":0},"end":{"line":2,"column":27}},"1":{"start":{"line":3,"column":16},"end":{"line":3,"column":34}},"2":{"start":{"line":4,"column":13},"end":{"line":4,"column":28}},"3":{"start":{"line":5,"column":13},"end":{"line":5,"column":28}},"4":{"start":{"line":6,"column":15},"end":{"line":6,"column":32}},"5":{"start":{"line":9,"column":17},"end":{"line":9,"column":45}},"6":{"start":{"line":10,"column":19},"end":{"line":10,"column":49}},"7":{"start":{"line":11,"column":24},"end":{"line":11,"column":59}},"8":{"start":{"line":12,"column":19},"end":{"line":12,"column":49}},"9":{"start":{"line":15,"column":14},"end":{"line":15,"column":23}},"10":{"start":{"line":18,"column":2},"end":{"line":18,"column":26}},"11":{"start":{"line":19,"column":2},"end":{"line":19,"column":18}},"12":{"start":{"line":20,"column":2},"end":{"line":20,"column":20}},"13":{"start":{"line":23,"column":2},"end":{"line":23,"column":58}},"14":{"start":{"line":26,"column":2},"end":{"line":26,"column":33}},"15":{"start":{"line":29,"column":2},"end":{"line":29,"column":30}},"16":{"start":{"line":30,"column":2},"end":{"line":30,"column":35}},"17":{"start":{"line":31,"column":2},"end":{"line":31,"column":30}},"18":{"start":{"line":34,"column":2},"end":{"line":34,"column":60}},"19":{"start":{"line":34,"column":36},"end":{"line":34,"column":58}},"20":{"start":{"line":37,"column":2},"end":{"line":39,"column":5}},"21":{"start":{"line":38,"column":4},"end":{"line":38,"column":63}},"22":{"start":{"line":43,"column":2},"end":{"line":45,"column":5}},"23":{"start":{"line":44,"column":4},"end":{"line":44,"column":82}},"24":{"start":{"line":47,"column":2},"end":{"line":47,"column":13}},"25":{"start":{"line":50,"column":0},"end":{"line":50,"column":31}}},"fnMap":{"0":{"name":"createApp","decl":{"start":{"line":14,"column":9},"end":{"line":14,"column":18}},"loc":{"start":{"line":14,"column":21},"end":{"line":48,"column":1}},"line":14},"1":{"name":"(anonymous_1)","decl":{"start":{"line":34,"column":21},"end":{"line":34,"column":22}},"loc":{"start":{"line":34,"column":36},"end":{"line":34,"column":58}},"line":34},"2":{"name":"(anonymous_2)","decl":{"start":{"line":37,"column":15},"end":{"line":37,"column":16}},"loc":{"start":{"line":37,"column":30},"end":{"line":39,"column":3}},"line":37},"3":{"name":"(anonymous_3)","decl":{"start":{"line":43,"column":10},"end":{"line":43,"column":11}},"loc":{"start":{"line":43,"column":37},"end":{"line":45,"column":3}},"line":43}},"branchMap":{"0":{"loc":{"start":{"line":44,"column":15},"end":{"line":44,"column":32}},"type":"binary-expr","locations":[{"start":{"line":44,"column":15},"end":{"line":44,"column":25}},{"start":{"line":44,"column":29},"end":{"line":44,"column":32}}],"line":44},"1":{"loc":{"start":{"line":44,"column":48},"end":{"line":44,"column":78}},"type":"binary-expr","locations":[{"start":{"line":44,"column":48},"end":{"line":44,"column":59}},{"start":{"line":44,"column":63},"end":{"line":44,"column":78}}],"line":44}},"s":{"0":2,"1":2,"2":2,"3":2,"4":2,"5":2,"6":2,"7":2,"8":2,"9":2,"10":2,"11":2,"12":2,"13":2,"14":2,"15":2,"16":2,"17":2,"18":2,"19":1,"20":2,"21":0,"22":2,"23":0,"24":2,"25":2},"f":{"0":2,"1":1,"2":0,"3":0},"b":{"0":[0,0],"1":[0,0]},"_coverageSchema":"1a1c01bbd47fc00a2c39e90264f33305004495a9","hash":"03a4e6b2ef2c40ff8d6fded20b1dcf51c64a3629"}
,"C:\\Users\\clien\\Videojuego\\controllers\\authController.js": {"path":"C:\\Users\\clien\\Videojuego\\controllers\\authController.js","statementMap":{"0":{"start":{"line":2,"column":12},"end":{"line":2,"column":35}},"1":{"start":{"line":3,"column":18},"end":{"line":3,"column":48}},"2":{"start":{"line":4,"column":30},"end":{"line":4,"column":60}},"3":{"start":{"line":6,"column":0},"end":{"line":17,"column":2}},"4":{"start":{"line":7,"column":33},"end":{"line":7,"column":41}},"5":{"start":{"line":10,"column":15},"end":{"line":10,"column":62}},"6":{"start":{"line":11,"column":2},"end":{"line":11,"column":78}},"7":{"start":{"line":11,"column":13},"end":{"line":11,"column":78}},"8":{"start":{"line":13,"column":18},"end":{"line":13,"column":75}},"9":{"start":{"line":14,"column":16},"end":{"line":14,"column":56}},"10":{"start":{"line":16,"column":2},"end":{"line":16,"column":22}}},"fnMap":{"0":{"name":"(anonymous_0)","decl":{"start":{"line":6,"column":16},"end":{"line":6,"column":17}},"loc":{"start":{"line":6,"column":30},"end":{"line":17,"column":1}},"line":6}},"branchMap":{"0":{"loc":{"start":{"line":11,"column":2},"end":{"line":11,"column":78}},"type":"if","locations":[{"start":{"line":11,"column":2},"end":{"line":11,"column":78}},{"start":{},"end":{}}],"line":11}},"s":{"0":2,"1":2,"2":2,"3":2,"4":0,"5":0,"6":0,"7":0,"8":0,"9":0,"10":0},"f":{"0":0},"b":{"0":[0,0]},"_coverageSchema":"1a1c01bbd47fc00a2c39e90264f33305004495a9","hash":"4f00fb2eaa9925a5f6bd2a7bd568b56fa469b50c"}
,"C:\\Users\\clien\\Videojuego\\controllers\\cartController.js": {"path":"C:\\Users\\clien\\Videojuego\\controllers\\cartController.js","statementMap":{"0":{"start":{"line":1,"column":18},"end":{"line":1,"column":48}},"1":{"start":{"line":4,"column":14},"end":{"line":4,"column":16}},"2":{"start":{"line":5,"column":0},"end":{"line":13,"column":1}},"3":{"start":{"line":6,"column":2},"end":{"line":6,"column":46}},"4":{"start":{"line":8,"column":2},"end":{"line":12,"column":4}},"5":{"start":{"line":15,"column":20},"end":{"line":15,"column":81}},"6":{"start":{"line":15,"column":28},"end":{"line":15,"column":81}},"7":{"start":{"line":15,"column":46},"end":{"line":15,"column":80}},"8":{"start":{"line":17,"column":19},"end":{"line":106,"column":1}},"9":{"start":{"line":19,"column":17},"end":{"line":19,"column":47}},"10":{"start":{"line":20,"column":4},"end":{"line":20,"column":26}},"11":{"start":{"line":24,"column":36},"end":{"line":24,"column":44}},"12":{"start":{"line":25,"column":4},"end":{"line":25,"column":100}},"13":{"start":{"line":25,"column":40},"end":{"line":25,"column":100}},"14":{"start":{"line":27,"column":16},"end":{"line":27,"column":32}},"15":{"start":{"line":28,"column":4},"end":{"line":28,"column":113}},"16":{"start":{"line":28,"column":43},"end":{"line":28,"column":113}},"17":{"start":{"line":30,"column":14},"end":{"line":30,"column":36}},"18":{"start":{"line":31,"column":4},"end":{"line":31,"column":75}},"19":{"start":{"line":31,"column":12},"end":{"line":31,"column":75}},"20":{"start":{"line":33,"column":17},"end":{"line":33,"column":47}},"21":{"start":{"line":34,"column":22},"end":{"line":34,"column":87}},"22":{"start":{"line":34,"column":43},"end":{"line":34,"column":86}},"23":{"start":{"line":35,"column":26},"end":{"line":35,"column":68}},"24":{"start":{"line":36,"column":4},"end":{"line":38,"column":5}},"25":{"start":{"line":37,"column":6},"end":{"line":37,"column":78}},"26":{"start":{"line":40,"column":17},"end":{"line":40,"column":110}},"27":{"start":{"line":41,"column":20},"end":{"line":41,"column":56}},"28":{"start":{"line":42,"column":4},"end":{"line":42,"column":29}},"29":{"start":{"line":46,"column":26},"end":{"line":46,"column":36}},"30":{"start":{"line":47,"column":25},"end":{"line":47,"column":33}},"31":{"start":{"line":49,"column":4},"end":{"line":49,"column":87}},"32":{"start":{"line":49,"column":26},"end":{"line":49,"column":87}},"33":{"start":{"line":50,"column":16},"end":{"line":50,"column":32}},"34":{"start":{"line":51,"column":4},"end":{"line":51,"column":115}},"35":{"start":{"line":51,"column":42},"end":{"line":51,"column":115}},"36":{"start":{"line":53,"column":14},"end":{"line":53,"column":36}},"37":{"start":{"line":54,"column":4},"end":{"line":54,"column":75}},"38":{"start":{"line":54,"column":12},"end":{"line":54,"column":75}},"39":{"start":{"line":56,"column":17},"end":{"line":56,"column":47}},"40":{"start":{"line":57,"column":19},"end":{"line":57,"column":84}},"41":{"start":{"line":57,"column":40},"end":{"line":57,"column":83}},"42":{"start":{"line":58,"column":4},"end":{"line":58,"column":93}},"43":{"start":{"line":58,"column":17},"end":{"line":58,"column":93}},"44":{"start":{"line":60,"column":4},"end":{"line":63,"column":5}},"45":{"start":{"line":61,"column":19},"end":{"line":61,"column":65}},"46":{"start":{"line":62,"column":6},"end":{"line":62,"column":28}},"47":{"start":{"line":65,"column":4},"end":{"line":65,"column":122}},"48":{"start":{"line":65,"column":50},"end":{"line":65,"column":122}},"49":{"start":{"line":67,"column":17},"end":{"line":67,"column":68}},"50":{"start":{"line":68,"column":4},"end":{"line":68,"column":26}},"51":{"start":{"line":72,"column":26},"end":{"line":72,"column":36}},"52":{"start":{"line":73,"column":14},"end":{"line":73,"column":36}},"53":{"start":{"line":74,"column":4},"end":{"line":74,"column":75}},"54":{"start":{"line":74,"column":12},"end":{"line":74,"column":75}},"55":{"start":{"line":76,"column":17},"end":{"line":76,"column":47}},"56":{"start":{"line":77,"column":19},"end":{"line":77,"column":84}},"57":{"start":{"line":77,"column":40},"end":{"line":77,"column":83}},"58":{"start":{"line":78,"column":4},"end":{"line":78,"column":93}},"59":{"start":{"line":78,"column":17},"end":{"line":78,"column":93}},"60":{"start":{"line":80,"column":17},"end":{"line":80,"column":63}},"61":{"start":{"line":81,"column":4},"end":{"line":81,"column":26}},"62":{"start":{"line":85,"column":17},"end":{"line":85,"column":49}},"63":{"start":{"line":86,"column":4},"end":{"line":86,"column":26}},"64":{"start":{"line":90,"column":17},"end":{"line":90,"column":47}},"65":{"start":{"line":91,"column":4},"end":{"line":93,"column":5}},"66":{"start":{"line":92,"column":6},"end":{"line":92,"column":62}},"67":{"start":{"line":95,"column":18},"end":{"line":101,"column":5}},"68":{"start":{"line":103,"column":4},"end":{"line":103,"column":37}},"69":{"start":{"line":104,"column":4},"end":{"line":104,"column":81}},"70":{"start":{"line":108,"column":0},"end":{"line":108,"column":28}}},"fnMap":{"0":{"name":"(anonymous_0)","decl":{"start":{"line":15,"column":20},"end":{"line":15,"column":21}},"loc":{"start":{"line":15,"column":28},"end":{"line":15,"column":81}},"line":15},"1":{"name":"(anonymous_1)","decl":{"start":{"line":15,"column":41},"end":{"line":15,"column":42}},"loc":{"start":{"line":15,"column":46},"end":{"line":15,"column":80}},"line":15},"2":{"name":"(anonymous_2)","decl":{"start":{"line":18,"column":11},"end":{"line":18,"column":12}},"loc":{"start":{"line":18,"column":25},"end":{"line":21,"column":3}},"line":18},"3":{"name":"(anonymous_3)","decl":{"start":{"line":23,"column":11},"end":{"line":23,"column":12}},"loc":{"start":{"line":23,"column":25},"end":{"line":43,"column":3}},"line":23},"4":{"name":"(anonymous_4)","decl":{"start":{"line":34,"column":38},"end":{"line":34,"column":39}},"loc":{"start":{"line":34,"column":43},"end":{"line":34,"column":86}},"line":34},"5":{"name":"(anonymous_5)","decl":{"start":{"line":45,"column":14},"end":{"line":45,"column":15}},"loc":{"start":{"line":45,"column":28},"end":{"line":69,"column":3}},"line":45},"6":{"name":"(anonymous_6)","decl":{"start":{"line":57,"column":35},"end":{"line":57,"column":36}},"loc":{"start":{"line":57,"column":40},"end":{"line":57,"column":83}},"line":57},"7":{"name":"(anonymous_7)","decl":{"start":{"line":71,"column":14},"end":{"line":71,"column":15}},"loc":{"start":{"line":71,"column":28},"end":{"line":82,"column":3}},"line":71},"8":{"name":"(anonymous_8)","decl":{"start":{"line":77,"column":35},"end":{"line":77,"column":36}},"loc":{"start":{"line":77,"column":40},"end":{"line":77,"column":83}},"line":77},"9":{"name":"(anonymous_9)","decl":{"start":{"line":84,"column":13},"end":{"line":84,"column":14}},"loc":{"start":{"line":84,"column":27},"end":{"line":87,"column":3}},"line":84},"10":{"name":"(anonymous_10)","decl":{"start":{"line":89,"column":12},"end":{"line":89,"column":13}},"loc":{"start":{"line":89,"column":26},"end":{"line":105,"column":3}},"line":89}},"branchMap":{"0":{"loc":{"start":{"line":25,"column":4},"end":{"line":25,"column":100}},"type":"if","locations":[{"start":{"line":25,"column":4},"end":{"line":25,"column":100}},{"start":{},"end":{}}],"line":25},"1":{"loc":{"start":{"line":25,"column":8},"end":{"line":25,"column":38}},"type":"binary-expr","locations":[{"start":{"line":25,"column":8},"end":{"line":25,"column":18}},{"start":{"line":25,"column":22},"end":{"line":25,"column":38}}],"line":25},"2":{"loc":{"start":{"line":28,"column":4},"end":{"line":28,"column":113}},"type":"if","locations":[{"start":{"line":28,"column":4},"end":{"line":28,"column":113}},{"start":{},"end":{}}],"line":28},"3":{"loc":{"start":{"line":28,"column":8},"end":{"line":28,"column":41}},"type":"binary-expr","locations":[{"start":{"line":28,"column":8},"end":{"line":28,"column":29}},{"start":{"line":28,"column":33},"end":{"line":28,"column":41}}],"line":28},"4":{"loc":{"start":{"line":31,"column":4},"end":{"line":31,"column":75}},"type":"if","locations":[{"start":{"line":31,"column":4},"end":{"line":31,"column":75}},{"start":{},"end":{}}],"line":31},"5":{"loc":{"start":{"line":35,"column":27},"end":{"line":35,"column":61}},"type":"cond-expr","locations":[{"start":{"line":35,"column":39},"end":{"line":35,"column":57}},{"start":{"line":35,"column":60},"end":{"line":35,"column":61}}],"line":35},"6":{"loc":{"start":{"line":36,"column":4},"end":{"line":38,"column":5}},"type":"if","locations":[{"start":{"line":36,"column":4},"end":{"line":38,"column":5}},{"start":{},"end":{}}],"line":36},"7":{"loc":{"start":{"line":36,"column":8},"end":{"line":36,"column":58}},"type":"binary-expr","locations":[{"start":{"line":36,"column":8},"end":{"line":36,"column":23}},{"start":{"line":36,"column":27},"end":{"line":36,"column":58}}],"line":36},"8":{"loc":{"start":{"line":49,"column":4},"end":{"line":49,"column":87}},"type":"if","locations":[{"start":{"line":49,"column":4},"end":{"line":49,"column":87}},{"start":{},"end":{}}],"line":49},"9":{"loc":{"start":{"line":51,"column":4},"end":{"line":51,"column":115}},"type":"if","locations":[{"start":{"line":51,"column":4},"end":{"line":51,"column":115}},{"start":{},"end":{}}],"line":51},"10":{"loc":{"start":{"line":51,"column":8},"end":{"line":51,"column":40}},"type":"binary-expr","locations":[{"start":{"line":51,"column":8},"end":{"line":51,"column":29}},{"start":{"line":51,"column":33},"end":{"line":51,"column":40}}],"line":51},"11":{"loc":{"start":{"line":54,"column":4},"end":{"line":54,"column":75}},"type":"if","locations":[{"start":{"line":54,"column":4},"end":{"line":54,"column":75}},{"start":{},"end":{}}],"line":54},"12":{"loc":{"start":{"line":58,"column":4},"end":{"line":58,"column":93}},"type":"if","locations":[{"start":{"line":58,"column":4},"end":{"line":58,"column":93}},{"start":{},"end":{}}],"line":58},"13":{"loc":{"start":{"line":60,"column":4},"end":{"line":63,"column":5}},"type":"if","locations":[{"start":{"line":60,"column":4},"end":{"line":63,"column":5}},{"start":{},"end":{}}],"line":60},"14":{"loc":{"start":{"line":65,"column":4},"end":{"line":65,"column":122}},"type":"if","locations":[{"start":{"line":65,"column":4},"end":{"line":65,"column":122}},{"start":{},"end":{}}],"line":65},"15":{"loc":{"start":{"line":65,"column":8},"end":{"line":65,"column":48}},"type":"binary-expr","locations":[{"start":{"line":65,"column":8},"end":{"line":65,"column":23}},{"start":{"line":65,"column":27},"end":{"line":65,"column":48}}],"line":65},"16":{"loc":{"start":{"line":74,"column":4},"end":{"line":74,"column":75}},"type":"if","locations":[{"start":{"line":74,"column":4},"end":{"line":74,"column":75}},{"start":{},"end":{}}],"line":74},"17":{"loc":{"start":{"line":78,"column":4},"end":{"line":78,"column":93}},"type":"if","locations":[{"start":{"line":78,"column":4},"end":{"line":78,"column":93}},{"start":{},"end":{}}],"line":78},"18":{"loc":{"start":{"line":91,"column":4},"end":{"line":93,"column":5}},"type":"if","locations":[{"start":{"line":91,"column":4},"end":{"line":93,"column":5}},{"start":{},"end":{}}],"line":91},"19":{"loc":{"start":{"line":91,"column":8},"end":{"line":91,"column":46}},"type":"binary-expr","locations":[{"start":{"line":91,"column":8},"end":{"line":91,"column":19}},{"start":{"line":91,"column":23},"end":{"line":91,"column":46}}],"line":91}},"s":{"0":2,"1":2,"2":2,"3":2,"4":0,"5":2,"6":1,"7":4,"8":2,"9":0,"10":0,"11":1,"12":1,"13":0,"14":1,"15":1,"16":0,"17":1,"18":1,"19":0,"20":1,"21":1,"22":0,"23":1,"24":1,"25":0,"26":1,"27":1,"28":1,"29":0,"30":0,"31":0,"32":0,"33":0,"34":0,"35":0,"36":0,"37":0,"38":0,"39":0,"40":0,"41":0,"42":0,"43":0,"44":0,"45":0,"46":0,"47":0,"48":0,"49":0,"50":0,"51":0,"52":0,"53":0,"54":0,"55":0,"56":0,"57":0,"58":0,"59":0,"60":0,"61":0,"62":0,"63":0,"64":0,"65":0,"66":0,"67":0,"68":0,"69":0,"70":2},"f":{"0":1,"1":4,"2":0,"3":1,"4":0,"5":0,"6":0,"7":0,"8":0,"9":0,"10":0},"b":{"0":[0,1],"1":[1,1],"2":[0,1],"3":[1,1],"4":[0,1],"5":[0,1],"6":[0,1],"7":[1,1],"8":[0,0],"9":[0,0],"10":[0,0],"11":[0,0],"12":[0,0],"13":[0,0],"14":[0,0],"15":[0,0],"16":[0,0],"17":[0,0],"18":[0,0],"19":[0,0]},"_coverageSchema":"1a1c01bbd47fc00a2c39e90264f33305004495a9","hash":"8540375277596899df97e2ed17a5a9cc9c00ae59"}
,"C:\\Users\\clien\\Videojuego\\controllers\\oauthController.js": {"path":"C:\\Users\\clien\\Videojuego\\controllers\\oauthController.js","statementMap":{"0":{"start":{"line":1,"column":24},"end":{"line":13,"column":1}},"1":{"start":{"line":4,"column":32},"end":{"line":4,"column":40}},"2":{"start":{"line":7,"column":8},"end":{"line":11,"column":11}},"3":{"start":{"line":15,"column":0},"end":{"line":15,"column":33}}},"fnMap":{"0":{"name":"(anonymous_0)","decl":{"start":{"line":2,"column":20},"end":{"line":2,"column":21}},"loc":{"start":{"line":2,"column":34},"end":{"line":12,"column":5}},"line":2}},"branchMap":{},"s":{"0":0,"1":0,"2":0,"3":0},"f":{"0":0},"b":{}}
,"C:\\Users\\clien\\Videojuego\\controllers\\perfilController.js": {"path":"C:\\Users\\clien\\Videojuego\\controllers\\perfilController.js","statementMap":{"0":{"start":{"line":2,"column":25},"end":{"line":26,"column":1}},"1":{"start":{"line":5,"column":8},"end":{"line":24,"column":9}},"2":{"start":{"line":7,"column":34},"end":{"line":16,"column":13}},"3":{"start":{"line":18,"column":12},"end":{"line":21,"column":15}},"4":{"start":{"line":23,"column":12},"end":{"line":23,"column":71}},"5":{"start":{"line":28,"column":0},"end":{"line":28,"column":34}}},"fnMap":{"0":{"name":"(anonymous_0)","decl":{"start":{"line":4,"column":16},"end":{"line":4,"column":17}},"loc":{"start":{"line":4,"column":30},"end":{"line":25,"column":5}},"line":4}},"branchMap":{},"s":{"0":2,"1":0,"2":0,"3":0,"4":0,"5":2},"f":{"0":0},"b":{},"_coverageSchema":"1a1c01bbd47fc00a2c39e90264f33305004495a9","hash":"5e3ba5e140ff3a8df9084323a0fab1ebce080ddc"}
,"C:\\Users\\clien\\Videojuego\\middlewares\\authMiddleware.js": {"path":"C:\\Users\\clien\\Videojuego\\middlewares\\authMiddleware.js","statementMap":{"0":{"start":{"line":1,"column":12},"end":{"line":1,"column":35}},"1":{"start":{"line":2,"column":19},"end":{"line":2,"column":49}},"2":{"start":{"line":4,"column":0},"end":{"line":15,"column":2}},"3":{"start":{"line":5,"column":14},"end":{"line":5,"column":45}},"4":{"start":{"line":6,"column":26},"end":{"line":6,"column":40}},"5":{"start":{"line":7,"column":2},"end":{"line":9,"column":3}},"6":{"start":{"line":8,"column":4},"end":{"line":8,"column":69}},"7":{"start":{"line":10,"column":2},"end":{"line":14,"column":5}},"8":{"start":{"line":11,"column":4},"end":{"line":11,"column":81}},"9":{"start":{"line":11,"column":13},"end":{"line":11,"column":81}},"10":{"start":{"line":12,"column":4},"end":{"line":12,"column":23}},"11":{"start":{"line":13,"column":4},"end":{"line":13,"column":11}}},"fnMap":{"0":{"name":"(anonymous_0)","decl":{"start":{"line":4,"column":17},"end":{"line":4,"column":18}},"loc":{"start":{"line":4,"column":37},"end":{"line":15,"column":1}},"line":4},"1":{"name":"(anonymous_1)","decl":{"start":{"line":10,"column":28},"end":{"line":10,"column":29}},"loc":{"start":{"line":10,"column":46},"end":{"line":14,"column":3}},"line":10}},"branchMap":{"0":{"loc":{"start":{"line":5,"column":14},"end":{"line":5,"column":45}},"type":"binary-expr","locations":[{"start":{"line":5,"column":14},"end":{"line":5,"column":39}},{"start":{"line":5,"column":43},"end":{"line":5,"column":45}}],"line":5},"1":{"loc":{"start":{"line":7,"column":2},"end":{"line":9,"column":3}},"type":"if","locations":[{"start":{"line":7,"column":2},"end":{"line":9,"column":3}},{"start":{},"end":{}}],"line":7},"2":{"loc":{"start":{"line":7,"column":6},"end":{"line":7,"column":41}},"type":"binary-expr","locations":[{"start":{"line":7,"column":6},"end":{"line":7,"column":12}},{"start":{"line":7,"column":16},"end":{"line":7,"column":41}}],"line":7},"3":{"loc":{"start":{"line":11,"column":4},"end":{"line":11,"column":81}},"type":"if","locations":[{"start":{"line":11,"column":4},"end":{"line":11,"column":81}},{"start":{},"end":{}}],"line":11}},"s":{"0":2,"1":2,"2":2,"3":1,"4":1,"5":1,"6":0,"7":1,"8":1,"9":0,"10":1,"11":1},"f":{"0":1,"1":1},"b":{"0":[1,0],"1":[0,1],"2":[1,1],"3":[0,1]},"_coverageSchema":"1a1c01bbd47fc00a2c39e90264f33305004495a9","hash":"e344583e7b8faedfbc63fb7df8f4523d7ee9fd53"}
,"C:\\Users\\clien\\Videojuego\\models\\cartModel.js": {"path":"C:\\Users\\clien\\Videojuego\\models\\cartModel.js","statementMap":{"0":{"start":{"line":1,"column":14},"end":{"line":1,"column":16}},"1":{"start":{"line":5,"column":8},"end":{"line":5,"column":56}},"2":{"start":{"line":9,"column":21},"end":{"line":9,"column":41}},"3":{"start":{"line":12,"column":29},"end":{"line":12,"column":90}},"4":{"start":{"line":12,"column":53},"end":{"line":12,"column":89}},"5":{"start":{"line":13,"column":8},"end":{"line":17,"column":9}},"6":{"start":{"line":14,"column":12},"end":{"line":14,"column":54}},"7":{"start":{"line":16,"column":12},"end":{"line":16,"column":37}},"8":{"start":{"line":20,"column":8},"end":{"line":20,"column":94}},"9":{"start":{"line":20,"column":54},"end":{"line":20,"column":89}},"10":{"start":{"line":22,"column":8},"end":{"line":22,"column":29}},"11":{"start":{"line":23,"column":8},"end":{"line":23,"column":20}},"12":{"start":{"line":27,"column":21},"end":{"line":27,"column":41}},"13":{"start":{"line":28,"column":21},"end":{"line":28,"column":68}},"14":{"start":{"line":28,"column":42},"end":{"line":28,"column":67}},"15":{"start":{"line":29,"column":8},"end":{"line":31,"column":9}},"16":{"start":{"line":30,"column":12},"end":{"line":30,"column":37}},"17":{"start":{"line":33,"column":8},"end":{"line":33,"column":94}},"18":{"start":{"line":33,"column":54},"end":{"line":33,"column":89}},"19":{"start":{"line":34,"column":8},"end":{"line":34,"column":20}},"20":{"start":{"line":38,"column":19},"end":{"line":38,"column":39}},"21":{"start":{"line":39,"column":8},"end":{"line":39,"column":71}},"22":{"start":{"line":39,"column":44},"end":{"line":39,"column":69}},"23":{"start":{"line":40,"column":8},"end":{"line":40,"column":94}},"24":{"start":{"line":40,"column":54},"end":{"line":40,"column":89}},"25":{"start":{"line":41,"column":8},"end":{"line":41,"column":29}},"26":{"start":{"line":42,"column":8},"end":{"line":42,"column":20}},"27":{"start":{"line":46,"column":8},"end":{"line":46,"column":48}},"28":{"start":{"line":47,"column":8},"end":{"line":47,"column":29}},"29":{"start":{"line":51,"column":0},"end":{"line":51,"column":27}}},"fnMap":{"0":{"name":"(anonymous_0)","decl":{"start":{"line":4,"column":4},"end":{"line":4,"column":5}},"loc":{"start":{"line":4,"column":27},"end":{"line":6,"column":5}},"line":4},"1":{"name":"(anonymous_1)","decl":{"start":{"line":8,"column":4},"end":{"line":8,"column":5}},"loc":{"start":{"line":8,"column":36},"end":{"line":24,"column":5}},"line":8},"2":{"name":"(anonymous_2)","decl":{"start":{"line":12,"column":45},"end":{"line":12,"column":46}},"loc":{"start":{"line":12,"column":53},"end":{"line":12,"column":89}},"line":12},"3":{"name":"(anonymous_3)","decl":{"start":{"line":20,"column":39},"end":{"line":20,"column":40}},"loc":{"start":{"line":20,"column":54},"end":{"line":20,"column":89}},"line":20},"4":{"name":"(anonymous_4)","decl":{"start":{"line":26,"column":4},"end":{"line":26,"column":5}},"loc":{"start":{"line":26,"column":51},"end":{"line":35,"column":5}},"line":26},"5":{"name":"(anonymous_5)","decl":{"start":{"line":28,"column":37},"end":{"line":28,"column":38}},"loc":{"start":{"line":28,"column":42},"end":{"line":28,"column":67}},"line":28},"6":{"name":"(anonymous_6)","decl":{"start":{"line":33,"column":39},"end":{"line":33,"column":40}},"loc":{"start":{"line":33,"column":54},"end":{"line":33,"column":89}},"line":33},"7":{"name":"(anonymous_7)","decl":{"start":{"line":37,"column":4},"end":{"line":37,"column":5}},"loc":{"start":{"line":37,"column":41},"end":{"line":43,"column":5}},"line":37},"8":{"name":"(anonymous_8)","decl":{"start":{"line":39,"column":39},"end":{"line":39,"column":40}},"loc":{"start":{"line":39,"column":44},"end":{"line":39,"column":69}},"line":39},"9":{"name":"(anonymous_9)","decl":{"start":{"line":40,"column":39},"end":{"line":40,"column":40}},"loc":{"start":{"line":40,"column":54},"end":{"line":40,"column":89}},"line":40},"10":{"name":"(anonymous_10)","decl":{"start":{"line":45,"column":4},"end":{"line":45,"column":5}},"loc":{"start":{"line":45,"column":29},"end":{"line":48,"column":5}},"line":45}},"branchMap":{"0":{"loc":{"start":{"line":5,"column":15},"end":{"line":5,"column":55}},"type":"binary-expr","locations":[{"start":{"line":5,"column":15},"end":{"line":5,"column":28}},{"start":{"line":5,"column":32},"end":{"line":5,"column":55}}],"line":5},"1":{"loc":{"start":{"line":13,"column":8},"end":{"line":17,"column":9}},"type":"if","locations":[{"start":{"line":13,"column":8},"end":{"line":17,"column":9}},{"start":{"line":15,"column":15},"end":{"line":17,"column":9}}],"line":13},"2":{"loc":{"start":{"line":29,"column":8},"end":{"line":31,"column":9}},"type":"if","locations":[{"start":{"line":29,"column":8},"end":{"line":31,"column":9}},{"start":{},"end":{}}],"line":29}},"s":{"0":2,"1":2,"2":1,"3":1,"4":0,"5":1,"6":0,"7":1,"8":1,"9":1,"10":1,"11":1,"12":0,"13":0,"14":0,"15":0,"16":0,"17":0,"18":0,"19":0,"20":0,"21":0,"22":0,"23":0,"24":0,"25":0,"26":0,"27":0,"28":0,"29":2},"f":{"0":2,"1":1,"2":0,"3":1,"4":0,"5":0,"6":0,"7":0,"8":0,"9":0,"10":0},"b":{"0":[2,2],"1":[0,1],"2":[0,0]},"_coverageSchema":"1a1c01bbd47fc00a2c39e90264f33305004495a9","hash":"c6e309b9480af5dada534b05ebd48c9634beb348"}
,"C:\\Users\\clien\\Videojuego\\models\\productModel.js": {"path":"C:\\Users\\clien\\Videojuego\\models\\productModel.js","statementMap":{"0":{"start":{"line":2,"column":0},"end":{"line":7,"column":2}}},"fnMap":{},"branchMap":{},"s":{"0":2},"f":{},"b":{},"_coverageSchema":"1a1c01bbd47fc00a2c39e90264f33305004495a9","hash":"8a08acd7f94003f808544a2f6272310204983d59"}
,"C:\\Users\\clien\\Videojuego\\models\\userModel.js": {"path":"C:\\Users\\clien\\Videojuego\\models\\userModel.js","statementMap":{"0":{"start":{"line":6,"column":22},"end":{"line":9,"column":9}},"1":{"start":{"line":12,"column":8},"end":{"line":15,"column":10}},"2":{"start":{"line":13,"column":12},"end":{"line":14,"column":38}},"3":{"start":{"line":19,"column":0},"end":{"line":19,"column":27}}},"fnMap":{"0":{"name":"(anonymous_0)","decl":{"start":{"line":4,"column":4},"end":{"line":4,"column":5}},"loc":{"start":{"line":4,"column":49},"end":{"line":16,"column":5}},"line":4},"1":{"name":"(anonymous_1)","decl":{"start":{"line":12,"column":26},"end":{"line":12,"column":27}},"loc":{"start":{"line":13,"column":12},"end":{"line":14,"column":38}},"line":13}},"branchMap":{"0":{"loc":{"start":{"line":13,"column":12},"end":{"line":14,"column":38}},"type":"binary-expr","locations":[{"start":{"line":13,"column":12},"end":{"line":13,"column":38}},{"start":{"line":14,"column":12},"end":{"line":14,"column":38}}],"line":13}},"s":{"0":0,"1":0,"2":0,"3":2},"f":{"0":0,"1":0},"b":{"0":[0,0]},"_coverageSchema":"1a1c01bbd47fc00a2c39e90264f33305004495a9","hash":"e6af6ff7a10b17b3d0aaefe920545cd07428d61f"}
,"C:\\Users\\clien\\Videojuego\\routes\\authRoutes.js": {"path":"C:\\Users\\clien\\Videojuego\\routes\\authRoutes.js","statementMap":{"0":{"start":{"line":1,"column":16},"end":{"line":1,"column":34}},"1":{"start":{"line":2,"column":15},"end":{"line":2,"column":31}},"2":{"start":{"line":4,"column":17},"end":{"line":4,"column":46}},"3":{"start":{"line":5,"column":23},"end":{"line":5,"column":63}},"4":{"start":{"line":8,"column":0},"end":{"line":8,"column":44}},"5":{"start":{"line":11,"column":18},"end":{"line":11,"column":91}},"6":{"start":{"line":14,"column":0},"end":{"line":17,"column":3}},"7":{"start":{"line":15,"column":2},"end":{"line":15,"column":88}},"8":{"start":{"line":15,"column":18},"end":{"line":15,"column":88}},"9":{"start":{"line":16,"column":2},"end":{"line":16,"column":99}},"10":{"start":{"line":20,"column":0},"end":{"line":53,"column":3}},"11":{"start":{"line":21,"column":2},"end":{"line":21,"column":88}},"12":{"start":{"line":21,"column":18},"end":{"line":21,"column":88}},"13":{"start":{"line":23,"column":2},"end":{"line":52,"column":21}},"14":{"start":{"line":24,"column":4},"end":{"line":27,"column":5}},"15":{"start":{"line":25,"column":6},"end":{"line":25,"column":56}},"16":{"start":{"line":26,"column":6},"end":{"line":26,"column":71}},"17":{"start":{"line":28,"column":4},"end":{"line":31,"column":5}},"18":{"start":{"line":29,"column":6},"end":{"line":29,"column":59}},"19":{"start":{"line":30,"column":6},"end":{"line":30,"column":43}},"20":{"start":{"line":33,"column":28},"end":{"line":33,"column":32}},"21":{"start":{"line":34,"column":4},"end":{"line":34,"column":67}},"22":{"start":{"line":36,"column":17},"end":{"line":49,"column":15}},"23":{"start":{"line":51,"column":4},"end":{"line":51,"column":67}},"24":{"start":{"line":55,"column":0},"end":{"line":55,"column":24}}},"fnMap":{"0":{"name":"(anonymous_0)","decl":{"start":{"line":14,"column":27},"end":{"line":14,"column":28}},"loc":{"start":{"line":14,"column":47},"end":{"line":17,"column":1}},"line":14},"1":{"name":"(anonymous_1)","decl":{"start":{"line":20,"column":36},"end":{"line":20,"column":37}},"loc":{"start":{"line":20,"column":56},"end":{"line":53,"column":1}},"line":20},"2":{"name":"(anonymous_2)","decl":{"start":{"line":23,"column":54},"end":{"line":23,"column":55}},"loc":{"start":{"line":23,"column":75},"end":{"line":52,"column":3}},"line":23}},"branchMap":{"0":{"loc":{"start":{"line":11,"column":26},"end":{"line":11,"column":90}},"type":"binary-expr","locations":[{"start":{"line":11,"column":26},"end":{"line":11,"column":54}},{"start":{"line":11,"column":58},"end":{"line":11,"column":90}}],"line":11},"1":{"loc":{"start":{"line":15,"column":2},"end":{"line":15,"column":88}},"type":"if","locations":[{"start":{"line":15,"column":2},"end":{"line":15,"column":88}},{"start":{},"end":{}}],"line":15},"2":{"loc":{"start":{"line":21,"column":2},"end":{"line":21,"column":88}},"type":"if","locations":[{"start":{"line":21,"column":2},"end":{"line":21,"column":88}},{"start":{},"end":{}}],"line":21},"3":{"loc":{"start":{"line":24,"column":4},"end":{"line":27,"column":5}},"type":"if","locations":[{"start":{"line":24,"column":4},"end":{"line":27,"column":5}},{"start":{},"end":{}}],"line":24},"4":{"loc":{"start":{"line":28,"column":4},"end":{"line":31,"column":5}},"type":"if","locations":[{"start":{"line":28,"column":4},"end":{"line":31,"column":5}},{"start":{},"end":{}}],"line":28},"5":{"loc":{"start":{"line":34,"column":36},"end":{"line":34,"column":65}},"type":"binary-expr","locations":[{"start":{"line":34,"column":36},"end":{"line":34,"column":47}},{"start":{"line":34,"column":51},"end":{"line":34,"column":65}}],"line":34}},"s":{"0":2,"1":2,"2":2,"3":2,"4":2,"5":2,"6":2,"7":0,"8":0,"9":0,"10":2,"11":0,"12":0,"13":0,"14":0,"15":0,"16":0,"17":0,"18":0,"19":0,"20":0,"21":0,"22":0,"23":0,"24":2},"f":{"0":0,"1":0,"2":0},"b":{"0":[2,0],"1":[0,0],"2":[0,0],"3":[0,0],"4":[0,0],"5":[0,0]},"_coverageSchema":"1a1c01bbd47fc00a2c39e90264f33305004495a9","hash":"a3e3317f966401a2e9c87607a968efe254a62ed9"}
,"C:\\Users\\clien\\Videojuego\\routes\\cartRoutes.js": {"path":"C:\\Users\\clien\\Videojuego\\routes\\cartRoutes.js","statementMap":{"0":{"start":{"line":1,"column":16},"end":{"line":1,"column":34}},"1":{"start":{"line":2,"column":15},"end":{"line":2,"column":31}},"2":{"start":{"line":4,"column":13},"end":{"line":4,"column":53}},"3":{"start":{"line":5,"column":23},"end":{"line":5,"column":63}},"4":{"start":{"line":8,"column":0},"end":{"line":8,"column":53}},"5":{"start":{"line":9,"column":0},"end":{"line":9,"column":58}},"6":{"start":{"line":10,"column":0},"end":{"line":10,"column":74}},"7":{"start":{"line":11,"column":0},"end":{"line":11,"column":77}},"8":{"start":{"line":12,"column":0},"end":{"line":12,"column":64}},"9":{"start":{"line":13,"column":0},"end":{"line":13,"column":64}},"10":{"start":{"line":15,"column":0},"end":{"line":15,"column":24}}},"fnMap":{},"branchMap":{},"s":{"0":2,"1":2,"2":2,"3":2,"4":2,"5":2,"6":2,"7":2,"8":2,"9":2,"10":2},"f":{},"b":{},"_coverageSchema":"1a1c01bbd47fc00a2c39e90264f33305004495a9","hash":"daec7992d1050d9f2226b3c5bb5ce9a15d89c53c"}
,"C:\\Users\\clien\\Videojuego\\routes\\protectedRoutes.js": {"path":"C:\\Users\\clien\\Videojuego\\routes\\protectedRoutes.js","statementMap":{"0":{"start":{"line":2,"column":16},"end":{"line":2,"column":34}},"1":{"start":{"line":3,"column":15},"end":{"line":3,"column":31}},"2":{"start":{"line":6,"column":23},"end":{"line":6,"column":63}},"3":{"start":{"line":7,"column":25},"end":{"line":7,"column":67}},"4":{"start":{"line":11,"column":0},"end":{"line":11,"column":67}},"5":{"start":{"line":13,"column":0},"end":{"line":13,"column":24}}},"fnMap":{},"branchMap":{},"s":{"0":2,"1":2,"2":2,"3":2,"4":2,"5":2},"f":{},"b":{},"_coverageSchema":"1a1c01bbd47fc00a2c39e90264f33305004495a9","hash":"6474a1d383de692d4ee034d252e5257b39c393a2"}
}
